<?xml version="1.0" encoding="UTF-8"?>
<!-- Generated by org.testng.reporters.JUnitReportReporter -->
<testsuite hostname="Jays-Mac-mini-3.local" failures="0" tests="4" name="testPackage.CompanyAssetsTest" time="55.011" errors="0" timestamp="2024-02-23T15:37:55 IST" skipped="0">
  <testcase classname="testPackage.CompanyAssetsTest" name="createCompany" time="18.661"/>
  <system-out/>
  <testcase classname="testPackage.CompanyAssetsTest" name="searchCompany" time="3.724"/>
  <system-out/>
  <testcase classname="testPackage.CompanyAssetsTest" name="editCompany" time="10.213"/>
  <system-out/>
  <testcase classname="testPackage.CompanyAssetsTest" name="deleteCompany" time="22.413"/>
  <system-out/>
</testsuite> <!-- testPackage.CompanyAssetsTest -->
