<?xml version="1.0" encoding="UTF-8"?>
<!-- Generated by org.testng.reporters.JUnitReportReporter -->
<testsuite hostname="Jays-Mac-mini-3.local" failures="0" tests="1" name="testPackage.LeaseAssetsTest" time="34.231" errors="0" timestamp="2024-02-23T15:37:55 IST" skipped="0">
  <testcase classname="testPackage.LeaseAssetsTest" name="createLease" time="34.231"/>
  <system-out/>
</testsuite> <!-- testPackage.LeaseAssetsTest -->
