<?xml version="1.0" encoding="UTF-8"?>
<!-- Generated by org.testng.reporters.JUnitReportReporter -->
<testsuite hostname="Jays-Mac-mini-3.local" failures="0" tests="4" name="testPackage.FieldAssetsTest" time="69.140" errors="0" timestamp="2024-02-23T15:37:55 IST" skipped="0">
  <testcase classname="testPackage.FieldAssetsTest" name="createField" time="30.647"/>
  <system-out/>
  <testcase classname="testPackage.FieldAssetsTest" name="searchFleld" time="4.588"/>
  <system-out/>
  <testcase classname="testPackage.FieldAssetsTest" name="editField" time="10.405"/>
  <system-out/>
  <testcase classname="testPackage.FieldAssetsTest" name="deleteField" time="23.500"/>
  <system-out/>
</testsuite> <!-- testPackage.FieldAssetsTest -->
