<?xml version="1.0" encoding="UTF-8"?>
<!-- Generated by org.testng.reporters.JUnitReportReporter -->
<testsuite hostname="DESKTOP-UVTSQS1" failures="0" tests="1" name="LoginTest" time="32.584" errors="0" timestamp="2023-12-15T04:04:09 GMT-08:00" skipped="0">
  <testcase classname="LoginTest" name="loginPageTest" time="32.584"/>
  <system-out/>
</testsuite> <!-- LoginTest -->
