<?xml version="1.0" encoding="UTF-8"?>
<!-- Generated by org.testng.reporters.JUnitReportReporter -->
<testsuite skipped="0" hostname="Jays-Mac-mini-3.local" name="testPackage.AssetsTest" tests="1" failures="0" timestamp="2024-01-30T11:17:24 IST" time="2.699" errors="0">
  <testcase name="createCompany" time="2.699" classname="testPackage.AssetsTest"/>
  <system-out/>
</testsuite> <!-- testPackage.AssetsTest -->
